# JRE version: Java(TM) SE Runtime Environment (8.0_191-b12) (build 1.8.0_191-b12)
# Java VM: Java HotSpot(TM) 64-Bit Server VM (25.191-b12 mixed mode bsd-amd64 compressed oops)
Heap:
 PSYoungGen      total 323072K, used 214747K [0x00000007aab00000, 0x00000007c0000000, 0x00000007c0000000)
  eden space 302080K, 64% used [0x00000007aab00000,0x00000007b6978b10,0x00000007bd200000)
  from space 20992K, 93% used [0x00000007beb80000,0x00000007bfebe190,0x00000007c0000000)
  to   space 23552K, 0% used [0x00000007bd200000,0x00000007bd200000,0x00000007be900000)
 ParOldGen       total 79872K, used 28097K [0x0000000780000000, 0x0000000784e00000, 0x00000007aab00000)
  object space 79872K, 35% used [0x0000000780000000,0x0000000781b70678,0x0000000784e00000)
 Metaspace       used 62459K, capacity 63606K, committed 63744K, reserved 1103872K
  class space    used 8375K, capacity 8616K, committed 8704K, reserved 1048576K
GC Heap History (10 events):
Event: 10.283 GC heap before
{Heap before GC invocations=17 (full 2):
 PSYoungGen      total 260608K, used 121992K [0x00000007aab00000, 0x00000007bc180000, 0x00000007c0000000)
  eden space 245248K, 45% used [0x00000007aab00000,0x00000007b1799658,0x00000007b9a80000)
  from space 15360K, 70% used [0x00000007bb280000,0x00000007bbd08bd8,0x00000007bc180000)
  to   space 19968K, 0% used [0x00000007b9a80000,0x00000007b9a80000,0x00000007bae00000)
 ParOldGen       total 73216K, used 46006K [0x0000000780000000, 0x0000000784780000, 0x00000007aab00000)
  object space 73216K, 62% used [0x0000000780000000,0x0000000782ced9c8,0x0000000784780000)
 Metaspace       used 38083K, capacity 38614K, committed 38784K, reserved 1083392K
  class space    used 5051K, capacity 5184K, committed 5248K, reserved 1048576K
Event: 10.306 GC heap after
Heap after GC invocations=17 (full 2):
 PSYoungGen      total 265216K, used 14243K [0x00000007aab00000, 0x00000007c0000000, 0x00000007c0000000)
  eden space 245248K, 0% used [0x00000007aab00000,0x00000007aab00000,0x00000007b9a80000)
  from space 19968K, 71% used [0x00000007b9a80000,0x00000007ba868d68,0x00000007bae00000)
  to   space 20480K, 0% used [0x00000007bec00000,0x00000007bec00000,0x00000007c0000000)
 ParOldGen       total 73216K, used 46014K [0x0000000780000000, 0x0000000784780000, 0x00000007aab00000)
  object space 73216K, 62% used [0x0000000780000000,0x0000000782cef9c8,0x0000000784780000)
 Metaspace       used 38083K, capacity 38614K, committed 38784K, reserved 1083392K
  class space    used 5051K, capacity 5184K, committed 5248K, reserved 1048576K
}
Event: 10.306 GC heap before
{Heap before GC invocations=18 (full 3):
 PSYoungGen      total 265216K, used 14243K [0x00000007aab00000, 0x00000007c0000000, 0x00000007c0000000)
  eden space 245248K, 0% used [0x00000007aab00000,0x00000007aab00000,0x00000007b9a80000)
  from space 19968K, 71% used [0x00000007b9a80000,0x00000007ba868d68,0x00000007bae00000)
  to   space 20480K, 0% used [0x00000007bec00000,0x00000007bec00000,0x00000007c0000000)
 ParOldGen       total 73216K, used 46014K [0x0000000780000000, 0x0000000784780000, 0x00000007aab00000)
  object space 73216K, 62% used [0x0000000780000000,0x0000000782cef9c8,0x0000000784780000)
 Metaspace       used 38083K, capacity 38614K, committed 38784K, reserved 1083392K
  class space    used 5051K, capacity 5184K, committed 5248K, reserved 1048576K
Event: 10.443 GC heap after
Heap after GC invocations=18 (full 3):
 PSYoungGen      total 265216K, used 0K [0x00000007aab00000, 0x00000007c0000000, 0x00000007c0000000)
  eden space 245248K, 0% used [0x00000007aab00000,0x00000007aab00000,0x00000007b9a80000)
  from space 19968K, 0% used [0x00000007b9a80000,0x00000007b9a80000,0x00000007bae00000)
  to   space 20480K, 0% used [0x00000007bec00000,0x00000007bec00000,0x00000007c0000000)
 ParOldGen       total 79872K, used 28073K [0x0000000780000000, 0x0000000784e00000, 0x00000007aab00000)
  object space 79872K, 35% used [0x0000000780000000,0x0000000781b6a678,0x0000000784e00000)
 Metaspace       used 38083K, capacity 38614K, committed 38784K, reserved 1083392K
  class space    used 5051K, capacity 5184K, committed 5248K, reserved 1048576K
}
Event: 13.161 GC heap before
{Heap before GC invocations=19 (full 3):
 PSYoungGen      total 265216K, used 245248K [0x00000007aab00000, 0x00000007c0000000, 0x00000007c0000000)
  eden space 245248K, 100% used [0x00000007aab00000,0x00000007b9a80000,0x00000007b9a80000)
  from space 19968K, 0% used [0x00000007b9a80000,0x00000007b9a80000,0x00000007bae00000)
  to   space 20480K, 0% used [0x00000007bec00000,0x00000007bec00000,0x00000007c0000000)
 ParOldGen       total 79872K, used 28073K [0x0000000780000000, 0x0000000784e00000, 0x00000007aab00000)
  object space 79872K, 35% used [0x0000000780000000,0x0000000781b6a678,0x0000000784e00000)
 Metaspace       used 46353K, capacity 47032K, committed 47360K, reserved 1089536K
  class space    used 6158K, capacity 6299K, committed 6400K, reserved 1048576K
Event: 13.184 GC heap after
Heap after GC invocations=19 (full 3):
 PSYoungGen      total 324608K, used 11977K [0x00000007aab00000, 0x00000007bfe00000, 0x00000007c0000000)
  eden space 306176K, 0% used [0x00000007aab00000,0x00000007aab00000,0x00000007bd600000)
  from space 18432K, 64% used [0x00000007bec00000,0x00000007bf7b24e8,0x00000007bfe00000)
  to   space 20480K, 0% used [0x00000007bd600000,0x00000007bd600000,0x00000007bea00000)
 ParOldGen       total 79872K, used 28081K [0x0000000780000000, 0x0000000784e00000, 0x00000007aab00000)
  object space 79872K, 35% used [0x0000000780000000,0x0000000781b6c678,0x0000000784e00000)
 Metaspace       used 46353K, capacity 47032K, committed 47360K, reserved 1089536K
  class space    used 6158K, capacity 6299K, committed 6400K, reserved 1048576K
}
Event: 15.311 GC heap before
{Heap before GC invocations=20 (full 3):
 PSYoungGen      total 324608K, used 318153K [0x00000007aab00000, 0x00000007bfe00000, 0x00000007c0000000)
  eden space 306176K, 100% used [0x00000007aab00000,0x00000007bd600000,0x00000007bd600000)
  from space 18432K, 64% used [0x00000007bec00000,0x00000007bf7b24e8,0x00000007bfe00000)
  to   space 20480K, 0% used [0x00000007bd600000,0x00000007bd600000,0x00000007bea00000)
 ParOldGen       total 79872K, used 28081K [0x0000000780000000, 0x0000000784e00000, 0x00000007aab00000)
  object space 79872K, 35% used [0x0000000780000000,0x0000000781b6c678,0x0000000784e00000)
 Metaspace       used 50732K, capacity 51456K, committed 51840K, reserved 1093632K
  class space    used 6793K, capacity 6951K, committed 7040K, reserved 1048576K
Event: 15.348 GC heap after
Heap after GC invocations=20 (full 3):
 PSYoungGen      total 326656K, used 15140K [0x00000007aab00000, 0x00000007c0000000, 0x00000007c0000000)
  eden space 306176K, 0% used [0x00000007aab00000,0x00000007aab00000,0x00000007bd600000)
  from space 20480K, 73% used [0x00000007bd600000,0x00000007be4c9118,0x00000007bea00000)
  to   space 20992K, 0% used [0x00000007beb80000,0x00000007beb80000,0x00000007c0000000)
 ParOldGen       total 79872K, used 28089K [0x0000000780000000, 0x0000000784e00000, 0x00000007aab00000)
  object space 79872K, 35% used [0x0000000780000000,0x0000000781b6e678,0x0000000784e00000)
 Metaspace       used 50732K, capacity 51456K, committed 51840K, reserved 1093632K
  class space    used 6793K, capacity 6951K, committed 7040K, reserved 1048576K
}
Event: 17.701 GC heap before
{Heap before GC invocations=21 (full 3):
 PSYoungGen      total 326656K, used 321316K [0x00000007aab00000, 0x00000007c0000000, 0x00000007c0000000)
  eden space 306176K, 100% used [0x00000007aab00000,0x00000007bd600000,0x00000007bd600000)
  from space 20480K, 73% used [0x00000007bd600000,0x00000007be4c9118,0x00000007bea00000)
  to   space 20992K, 0% used [0x00000007beb80000,0x00000007beb80000,0x00000007c0000000)
 ParOldGen       total 79872K, used 28089K [0x0000000780000000, 0x0000000784e00000, 0x00000007aab00000)
  object space 79872K, 35% used [0x0000000780000000,0x0000000781b6e678,0x0000000784e00000)
 Metaspace       used 53841K, capacity 54684K, committed 55040K, reserved 1097728K
  class space    used 7193K, capacity 7401K, committed 7424K, reserved 1048576K
Event: 17.731 GC heap after
Heap after GC invocations=21 (full 3):
 PSYoungGen      total 323072K, used 19704K [0x00000007aab00000, 0x00000007c0000000, 0x00000007c0000000)
  eden space 302080K, 0% used [0x00000007aab00000,0x00000007aab00000,0x00000007bd200000)
  from space 20992K, 93% used [0x00000007beb80000,0x00000007bfebe190,0x00000007c0000000)
  to   space 23552K, 0% used [0x00000007bd200000,0x00000007bd200000,0x00000007be900000)
 ParOldGen       total 79872K, used 28097K [0x0000000780000000, 0x0000000784e00000, 0x00000007aab00000)
  object space 79872K, 35% used [0x0000000780000000,0x0000000781b70678,0x0000000784e00000)
 Metaspace       used 53841K, capacity 54684K, committed 55040K, reserved 1097728K
  class space    used 7193K, capacity 7401K, committed 7424K, reserved 1048576K
}

